0 info it worked if it ends with ok
1 verbose cli [ 'c:\\Program Files\\nodejs\\node.exe',
1 verbose cli   'c:\\Program Files\\nodejs\\node_modules\\npm\\bin\\npm-cli.js',
1 verbose cli   'publish',
1 verbose cli   'quiz' ]
2 info using npm@2.10.1
3 info using node@v0.12.4
4 verbose publish [ 'quiz' ]
5 silly cache add args [ 'quiz', null ]
6 verbose cache add spec quiz
7 silly cache add parsed spec { raw: 'quiz',
7 silly cache add   scope: null,
7 silly cache add   name: 'quiz',
7 silly cache add   rawSpec: '',
7 silly cache add   spec: '*',
7 silly cache add   type: 'range' }
8 silly addNamed quiz@*
9 verbose addNamed "*" is a valid semver range for quiz
10 silly addNameRange { name: 'quiz', range: '*', hasData: false }
11 silly mapToRegistry name quiz
12 silly mapToRegistry using default registry
13 silly mapToRegistry registry https://registry.npmjs.org/
14 silly mapToRegistry uri https://registry.npmjs.org/quiz
15 verbose addNameRange registry:https://registry.npmjs.org/quiz not in flight; fetching
16 verbose request uri https://registry.npmjs.org/quiz
17 verbose request no auth needed
18 info attempt registry request try #1 at 11:09:56
19 verbose request id adacf220cabc8d70
20 verbose etag "1HIPIZF2LNXR3MEUP2ZYQ6KJV"
21 http request GET https://registry.npmjs.org/quiz
22 http 304 https://registry.npmjs.org/quiz
23 silly get cb [ 304,
23 silly get   { date: 'Mon, 06 Jul 2015 09:09:53 GMT',
23 silly get     via: '1.1 varnish',
23 silly get     'cache-control': 'max-age=60',
23 silly get     etag: '"1HIPIZF2LNXR3MEUP2ZYQ6KJV"',
23 silly get     age: '0',
23 silly get     connection: 'keep-alive',
23 silly get     'x-served-by': 'cache-ams4146-AMS',
23 silly get     'x-cache': 'MISS',
23 silly get     'x-cache-hits': '0',
23 silly get     'x-timer': 'S1436173793.275421,VS0,VE98',
23 silly get     vary: 'Accept' } ]
24 verbose etag https://registry.npmjs.org/quiz from cache
25 verbose get saving quiz to C:\Users\Pepe\AppData\Roaming\npm-cache\registry.npmjs.org\quiz\.cache.json
26 silly addNameRange number 2 { name: 'quiz', range: '*', hasData: true }
27 silly addNameRange versions [ 'quiz', [ '0.1.0' ] ]
28 silly addNamed quiz@0.1.0
29 verbose addNamed "0.1.0" is a plain semver version for quiz
30 silly mapToRegistry name quiz
31 silly mapToRegistry using default registry
32 silly mapToRegistry registry https://registry.npmjs.org/
33 silly mapToRegistry uri https://registry.npmjs.org/quiz
34 verbose addRemoteTarball https://registry.npmjs.org/quiz/-/quiz-0.1.0.tgz not in flight; adding
35 verbose addRemoteTarball [ 'https://registry.npmjs.org/quiz/-/quiz-0.1.0.tgz',
35 verbose addRemoteTarball   'af659e0f7e0db0d06b71e44a696b3afb2a97b49c' ]
36 info retry fetch attempt 1 at 11:09:56
37 info attempt registry request try #1 at 11:09:56
38 http fetch GET https://registry.npmjs.org/quiz/-/quiz-0.1.0.tgz
39 http fetch 200 https://registry.npmjs.org/quiz/-/quiz-0.1.0.tgz
40 silly fetchAndShaCheck shasum af659e0f7e0db0d06b71e44a696b3afb2a97b49c
41 verbose addTmpTarball C:\Users\Pepe\AppData\Local\Temp\npm-10760-295835a7\registry.npmjs.org\quiz\-\quiz-0.1.0.tgz not in flight; adding
42 verbose addTmpTarball already have metadata; skipping unpack for quiz@0.1.0
43 silly cache afterAdd quiz@0.1.0
44 verbose afterAdd C:\Users\Pepe\AppData\Roaming\npm-cache\quiz\0.1.0\package\package.json not in flight; writing
45 verbose afterAdd C:\Users\Pepe\AppData\Roaming\npm-cache\quiz\0.1.0\package\package.json written
46 silly publish { name: 'quiz',
46 silly publish   main: 'lib/Quiz.js',
46 silly publish   author: { name: 'Roland Poulter' },
46 silly publish   version: '0.1.0',
46 silly publish   keywords:
46 silly publish    [ 'unit',
46 silly publish      'test',
46 silly publish      'runner',
46 silly publish      'async',
46 silly publish      'asynchronous',
46 silly publish      'assert',
46 silly publish      'spec',
46 silly publish      'browser' ],
46 silly publish   homepage: 'https://github.com/rolandpoulter/quiz',
46 silly publish   repository: { type: 'git', url: 'git://github.com/rolandpoulter/quiz.git' },
46 silly publish   description: 'Another simple test framework.',
46 silly publish   contributors: [],
46 silly publish   dependencies: { cornerstone: 'x' },
46 silly publish   _npmUser: { name: 'rolandpoulter', email: 'rolandpoulter@gmail.com' },
46 silly publish   _id: 'quiz@0.1.0',
46 silly publish   devDependencies: {},
46 silly publish   engines: { node: '*' },
46 silly publish   _engineSupported: true,
46 silly publish   _npmVersion: '1.0.106',
46 silly publish   _nodeVersion: 'v0.6.2',
46 silly publish   _defaultsLoaded: true,
46 silly publish   dist:
46 silly publish    { shasum: 'af659e0f7e0db0d06b71e44a696b3afb2a97b49c',
46 silly publish      tarball: 'http://registry.npmjs.org/quiz/-/quiz-0.1.0.tgz' },
46 silly publish   maintainers: [ { name: 'rolandpoulter', email: 'rolandpoulter@gmail.com' } ],
46 silly publish   directories: {},
46 silly publish   _shasum: 'af659e0f7e0db0d06b71e44a696b3afb2a97b49c',
46 silly publish   _resolved: 'https://registry.npmjs.org/quiz/-/quiz-0.1.0.tgz',
46 silly publish   _from: 'quiz@*' }
47 info prepublish quiz@0.1.0
48 verbose getPublishConfig undefined
49 silly mapToRegistry name quiz
50 silly mapToRegistry using default registry
51 silly mapToRegistry registry https://registry.npmjs.org/
52 silly mapToRegistry uri https://registry.npmjs.org/quiz
53 verbose publish registryBase https://registry.npmjs.org/
54 silly publish uploading C:\Users\Pepe\AppData\Roaming\npm-cache\quiz\0.1.0\package.tgz
55 verbose stack Error: auth required for publishing
55 verbose stack     at CachingRegistryClient.publish (c:\Program Files\nodejs\node_modules\npm\node_modules\npm-registry-client\lib\publish.js:30:14)
55 verbose stack     at c:\Program Files\nodejs\node_modules\npm\lib\publish.js:134:14
55 verbose stack     at mapToRegistry (c:\Program Files\nodejs\node_modules\npm\lib\utils\map-to-registry.js:55:3)
55 verbose stack     at publish_ (c:\Program Files\nodejs\node_modules\npm\lib\publish.js:104:3)
55 verbose stack     at Array.<anonymous> (c:\Program Files\nodejs\node_modules\npm\node_modules\slide\lib\bind-actor.js:15:8)
55 verbose stack     at LOOP (c:\Program Files\nodejs\node_modules\npm\node_modules\slide\lib\chain.js:15:14)
55 verbose stack     at c:\Program Files\nodejs\node_modules\npm\node_modules\slide\lib\chain.js:18:7
55 verbose stack     at done (c:\Program Files\nodejs\node_modules\npm\lib\utils\lifecycle.js:105:5)
55 verbose stack     at LOOP (c:\Program Files\nodejs\node_modules\npm\node_modules\slide\lib\chain.js:7:26)
55 verbose stack     at c:\Program Files\nodejs\node_modules\npm\node_modules\slide\lib\chain.js:18:7
56 verbose cwd C:\mis_proyectos\quiz
57 error Windows_NT 6.3.9600
58 error argv "c:\\Program Files\\nodejs\\node.exe" "c:\\Program Files\\nodejs\\node_modules\\npm\\bin\\npm-cli.js" "publish" "quiz"
59 error node v0.12.4
60 error npm  v2.10.1
61 error code ENEEDAUTH
62 error need auth auth required for publishing
62 error need auth You need to authorize this machine using `npm adduser`
63 verbose exit [ 1, true ]
